<?xml version="1.0" encoding="UTF-8"?>
<!-- Generated by org.testng.reporters.JUnitReportReporter -->
<testsuite hostname="DESKTOP-JJ9DCBT" failures="0" tests="1" name="BrowserTest" time="0.261" errors="0" timestamp="22 Dec 2023 11:54:24 GMT" skipped="0">
  <testcase classname="BrowserTest" name="yourTestMethod" time="0.261"/>
</testsuite> <!-- BrowserTest -->
